+-----------------------------------------+  
| ../data/default_observations.pickle.dvc |  
+-----------------------------------------+  
                                                                                          +--------------------------------+                                                                                  
                                                                                          | ../data/default_env.pickle.dvc |                                                                                  
                                                                                          +--------------------------------+                                                                                  
                                                                                                          *                                                                                                   
                                                                                                          *                                                                                                   
                                                                                                          *                                                                                                   
                                                                                               ******+---------+********                                                                                      
                                                                                ***************   ***| gen_env |***   *****************                                                                       
                                                                ****************        **********   +---------+   *****        ***********************                                                       
                                                 ***************               *********                 *              ******            **********   ***************                                        
                                 ****************                    **********                         *                     *****                 **********        ****************                        
                  ***************                               *****                                   *                          *****                      **********              ***************         
          ********                            +------------------+                                     *                                ***                             ******                       ******** 
          *                                  *| gen_observations |********                             *                                  *                                  *                              * 
          *                          ******** +------------------+        **************               *                                  *                                  *                              * 
          *                  ********          ***             ***                      ****************                                  *                                  *                              * 
          *          ********               ***                   ***                                  **************                     *                                  *                              * 
          *      ****                     **                         **                                *             ********             *                                  *                              * 
+-----------------+                     **                             ***                            **                    +--------------------------+                     *                              * 
| gen_mcmc_chains |*******              *                                 **                        **                      | test_obs_log_likelihood1 |                     *                              * 
+-----------------+       ***************                                   ***                  ***                        +--------------------------+                     *                              * 
          *                             ****************                       **             ***                                                                            *                              * 
          *                             *               ***************          **         **                                                                               *                              * 
          *                             *                              ********    **     **                                                                                 *                              * 
   +-----------+**********              *                                     +----------------+                                                                         *****                              * 
   | conv_test |          *******************                                 | analyse_chains |                                                                 ********                                   * 
   +-----------+                        *    ********************             +----------------+******                                                  *********                                           * 
                                        *                        *******************                  ******                                   *********                                                    * 
                                        *                                           *******************     ******                     ********                                                             * 
                                        *                                                              ********** ***             *****                                                                     * 
                                        *******                                                                 +-------------------+                                                                 ******* 
                                               **************                                                   | extract_top_norms |                                                   **************        
                                                             **************                                     +-------------------+                                      *************                      
                                                                           *************                                  *                                  **************                                   
                                                                                        **************                    *                    **************                                                 
                                                                                                      *******             *             *******                                                               
                                                                                                            +--------------------------+                                                                      
                                                                                                            | test_obs_log_likelihood2 |                                                                      
                                                                                                            +--------------------------+                                                                      
+-----------------------------------+  
| ../data/default_chains.pickle.dvc |  
+-----------------------------------+  
+---------------------------------------+  
| ../data/default_true_norms.pickle.dvc |  
+---------------------------------------+  
+---------------------------------------------+  
| ../data/default_posterior_sample.pickle.dvc |  
+---------------------------------------------+  